(6)	j> V8 V28 L0
	(^,^) (^,y) (^,^)
(5)	+ $sp 4 $sp
	(^,^) (^,^) (^,^)
(4)	+ V4 V0 V28
	(6,y) (^,y) (^,y)
(3)	+ $sp 8 $sp
	(^,^) (^,^) (^,^)
(2)	:= 0  V12
	(^,y) (^,^) (^,^)
(1)	+ $sp 12 $sp
	(^,^) (^,^) (^,^)
(0)	F1   
	(^,^) (^,^) (^,^)
(8)	j   L1
	(^,^) (^,^) (^,^)
(7)	:= 0  V32
	(^,y) (^,^) (^,^)
(10)	:= 1  V32
	(^,y) (^,^) (^,^)
(9)	L0   
	(^,^) (^,^) (^,^)
(12)	jnz V32  L2
	(^,^) (^,^) (^,^)
(11)	L1   
	(^,^) (^,^) (^,^)
(13)	j   L3
	(^,^) (^,^) (^,^)
(26)	j   L4
	(^,^) (^,^) (^,^)
(25)	- $sp 20 $sp
	(^,^) (^,^) (^,^)
(24)	+ $sp 4 $sp
	(^,^) (^,^) (^,^)
(23)	:= V48  V16
	(^,y) (^,y) (^,^)
(22)	+ V8 T0 V48
	(23,y) (^,y) (^,^)
(21)	+ $sp 4 $sp
	(^,^) (^,^) (^,^)
(20)	+ V36 1 T0
	(22,y) (^,y) (^,^)
(19)	+ $sp 4 $sp
	(^,^) (^,^) (^,^)
(18)	:= 1  V40
	(^,y) (^,^) (^,^)
(17)	+ $sp 4 $sp
	(^,^) (^,^) (^,^)
(16)	* V4 V0 V36
	(20,y) (^,^) (^,^)
(15)	+ $sp 4 $sp
	(^,^) (^,^) (^,^)
(14)	L2   
	(^,^) (^,^) (^,^)
(31)	- $sp 4 $sp
	(^,^) (^,^) (^,^)
(30)	+ $sp 4 $sp
	(^,^) (^,^) (^,^)
(29)	:= V8  V36
	(^,y) (^,^) (^,^)
(28)	:= V8  V16
	(^,y) (29,y) (^,^)
(27)	L3   
	(^,^) (^,^) (^,^)
(36)	j<= V12 V36 L5
	(^,^) (^,y) (^,y)
(35)	+ $sp 4 $sp
	(^,^) (^,^) (^,^)
(34)	:= 100  V36
	(36,y) (^,^) (^,^)
(33)	+ $sp 4 $sp
	(^,^) (^,^) (^,^)
(32)	L4   
	(^,^) (^,^) (^,^)
(38)	j   L6
	(^,^) (^,^) (^,^)
(37)	:= 0  V40
	(^,y) (^,^) (^,^)
(40)	:= 1  V40
	(^,y) (^,^) (^,^)
(39)	L5   
	(^,^) (^,^) (^,^)
(42)	jnz V40  L7
	(^,^) (^,y) (^,^)
(41)	L6   
	(^,^) (^,^) (^,^)
(43)	j   L8
	(^,^) (^,^) (^,^)
(51)	j   L4
	(^,^) (^,^) (^,^)
(50)	- $sp 16 $sp
	(^,^) (^,^) (^,^)
(49)	+ $sp 8 $sp
	(^,^) (^,^) (^,^)
(48)	:= V48  V12
	(^,y) (^,y) (^,^)
(47)	:= V48  V16
	(^,y) (48,y) (^,^)
(46)	* V16 2 V48
	(47,y) (^,^) (^,^)
(45)	+ $sp 8 $sp
	(^,^) (^,^) (^,^)
(44)	L7   
	(^,^) (^,^) (^,^)
(54)	ret   
	(^,^) (^,^) (^,^)
(53)	:= V12  $v0
	(^,^) (^,^) (^,^)
(52)	L8   
	(^,^) (^,^) (^,^)
(61)	ret   
	(^,^) (^,^) (^,^)
(60)	:= V20  $v0
	(^,^) (^,^) (^,^)
(59)	* T1 2 V20
	(60,y) (^,^) (^,^)
(58)	+ $sp 12 $sp
	(^,^) (^,^) (^,^)
(57)	+ V0 2 T1
	(59,y) (^,^) (^,^)
(56)	+ $sp 8 $sp
	(^,^) (^,^) (^,^)
(55)	F0   
	(^,^) (^,^) (^,^)
(106)	jal   F0
	(^,^) (^,^) (^,^)
(105)	+ $sp 4 $sp
	(^,^) (^,^) (^,^)
(104)	:= V244  [$sp]
	(^,^) (^,^) (^,^)
(103)	:= $s0  $fp
	(^,^) (^,^) (^,^)
(102)	+ $sp 4 $sp
	(^,^) (^,^) (^,^)
(101)	:= $fp  [$sp]
	(^,^) (^,^) (^,^)
(100)	:= $sp  $s0
	(^,^) (^,^) (^,^)
(99)	+ $sp 4 $sp
	(^,^) (^,^) (^,^)
(98)	:= $t7  [$sp]
	(^,^) (^,^) (^,^)
(97)	+ $sp 4 $sp
	(^,^) (^,^) (^,^)
(96)	:= $t6  [$sp]
	(^,^) (^,^) (^,^)
(95)	+ $sp 4 $sp
	(^,^) (^,^) (^,^)
(94)	:= $t5  [$sp]
	(^,^) (^,^) (^,^)
(93)	+ $sp 4 $sp
	(^,^) (^,^) (^,^)
(92)	:= $t4  [$sp]
	(^,^) (^,^) (^,^)
(91)	+ $sp 4 $sp
	(^,^) (^,^) (^,^)
(90)	:= $t3  [$sp]
	(^,^) (^,^) (^,^)
(89)	+ $sp 4 $sp
	(^,^) (^,^) (^,^)
(88)	:= $t2  [$sp]
	(^,^) (^,^) (^,^)
(87)	+ $sp 4 $sp
	(^,^) (^,^) (^,^)
(86)	:= $t1  [$sp]
	(^,^) (^,^) (^,^)
(85)	+ $sp 4 $sp
	(^,^) (^,^) (^,^)
(84)	:= $t0  [$sp]
	(^,^) (^,^) (^,^)
(83)	+ $sp 4 $sp
	(^,^) (^,^) (^,^)
(82)	:= $ra  [$sp]
	(^,^) (^,^) (^,^)
(81)	=[] V0 2 V244
	(104,y) (^,y) (^,^)
(80)	+ $sp 24 $sp
	(^,^) (^,^) (^,^)
(79)	=[] V0 1 V220
	(^,y) (81,y) (^,^)
(78)	+ $sp 24 $sp
	(^,^) (^,^) (^,^)
(77)	=[] V0 0 V196
	(^,y) (79,y) (^,^)
(76)	+ $sp 48 $sp
	(^,^) (^,^) (^,^)
(75)	[]= T5 2 V0
	(77,y) (^,^) (^,^)
(74)	+ T4 1 T5
	(75,y) (^,^) (^,^)
(73)	+ $sp 8 $sp
	(^,^) (^,^) (^,^)
(72)	=[] V0 1 T4
	(74,y) (^,^) (^,^)
(71)	+ $sp 48 $sp
	(^,^) (^,^) (^,^)
(70)	[]= T3 1 V0
	(72,y) (^,^) (^,^)
(69)	+ T2 1 T3
	(70,y) (^,^) (^,^)
(68)	+ $sp 8 $sp
	(^,^) (^,^) (^,^)
(67)	=[] V0 0 T2
	(69,y) (^,^) (^,^)
(66)	+ $sp 48 $sp
	(^,^) (^,^) (^,^)
(65)	[]= 3 0 V0
	(67,y) (^,^) (^,^)
(64)	:= 3  V172
	(^,y) (^,^) (^,^)
(63)	+ $sp 40 $sp
	(^,^) (^,^) (^,^)
(62)	Fmain   
	(^,^) (^,^) (^,^)
(157)	jal   F1
	(^,^) (^,^) (^,^)
(156)	+ $sp 4 $sp
	(^,^) (^,^) (^,^)
(155)	:= V196  [$sp]
	(^,^) (^,^) (^,^)
(154)	+ $sp 4 $sp
	(^,^) (^,^) (^,^)
(153)	:= V220  [$sp]
	(^,^) (^,^) (^,^)
(152)	+ $sp 4 $sp
	(^,^) (^,^) (^,^)
(151)	:= V248  [$sp]
	(^,^) (^,^) (^,^)
(150)	:= $s0  $fp
	(^,^) (^,^) (^,^)
(149)	+ $sp 4 $sp
	(^,^) (^,^) (^,^)
(148)	:= $fp  [$sp]
	(^,^) (^,^) (^,^)
(147)	:= $sp  $s0
	(^,^) (^,^) (^,^)
(146)	+ $sp 4 $sp
	(^,^) (^,^) (^,^)
(145)	:= $t7  [$sp]
	(^,^) (^,^) (^,^)
(144)	+ $sp 4 $sp
	(^,^) (^,^) (^,^)
(143)	:= $t6  [$sp]
	(^,^) (^,^) (^,^)
(142)	+ $sp 4 $sp
	(^,^) (^,^) (^,^)
(141)	:= $t5  [$sp]
	(^,^) (^,^) (^,^)
(140)	+ $sp 4 $sp
	(^,^) (^,^) (^,^)
(139)	:= $t4  [$sp]
	(^,^) (^,^) (^,^)
(138)	+ $sp 4 $sp
	(^,^) (^,^) (^,^)
(137)	:= $t3  [$sp]
	(^,^) (^,^) (^,^)
(136)	+ $sp 4 $sp
	(^,^) (^,^) (^,^)
(135)	:= $t2  [$sp]
	(^,^) (^,^) (^,^)
(134)	+ $sp 4 $sp
	(^,^) (^,^) (^,^)
(133)	:= $t1  [$sp]
	(^,^) (^,^) (^,^)
(132)	+ $sp 4 $sp
	(^,^) (^,^) (^,^)
(131)	:= $t0  [$sp]
	(^,^) (^,^) (^,^)
(130)	+ $sp 4 $sp
	(^,^) (^,^) (^,^)
(129)	:= $ra  [$sp]
	(^,^) (^,^) (^,^)
(128)	:= $v0  V248
	(151,y) (^,^) (^,^)
(127)	+ $sp 4 $sp
	(^,^) (^,^) (^,^)
(126)	:= [$sp]  $ra
	(^,^) (^,^) (^,^)
(125)	- $sp 4 $sp
	(^,^) (^,^) (^,^)
(124)	:= [$sp]  $t0
	(^,^) (^,^) (^,^)
(123)	- $sp 4 $sp
	(^,^) (^,^) (^,^)
(122)	:= [$sp]  $t1
	(^,^) (^,^) (^,^)
(121)	- $sp 4 $sp
	(^,^) (^,^) (^,^)
(120)	:= [$sp]  $t2
	(^,^) (^,^) (^,^)
(119)	- $sp 4 $sp
	(^,^) (^,^) (^,^)
(118)	:= [$sp]  $t3
	(^,^) (^,^) (^,^)
(117)	- $sp 4 $sp
	(^,^) (^,^) (^,^)
(116)	:= [$sp]  $t4
	(^,^) (^,^) (^,^)
(115)	- $sp 4 $sp
	(^,^) (^,^) (^,^)
(114)	:= [$sp]  $t5
	(^,^) (^,^) (^,^)
(113)	- $sp 4 $sp
	(^,^) (^,^) (^,^)
(112)	:= [$sp]  $t6
	(^,^) (^,^) (^,^)
(111)	- $sp 4 $sp
	(^,^) (^,^) (^,^)
(110)	:= [$sp]  $t7
	(^,^) (^,^) (^,^)
(109)	- $sp 4 $sp
	(^,^) (^,^) (^,^)
(108)	:= [$sp]  $fp
	(^,^) (^,^) (^,^)
(107)	:= $fp  $sp
	(^,^) (^,^) (^,^)
(183)	ret   
	(^,^) (^,^) (^,^)
(182)	:= V280  $v0
	(^,^) (^,^) (^,^)
(181)	=[] V0 3 V280
	(182,y) (^,^) (^,^)
(180)	+ $sp 28 $sp
	(^,^) (^,^) (^,^)
(179)	[]= $v0 V172 V0
	(181,y) (^,^) (^,^)
(178)	+ $sp 4 $sp
	(^,^) (^,^) (^,^)
(177)	:= [$sp]  $ra
	(^,^) (^,^) (^,^)
(176)	- $sp 4 $sp
	(^,^) (^,^) (^,^)
(175)	:= [$sp]  $t0
	(^,^) (^,^) (^,^)
(174)	- $sp 4 $sp
	(^,^) (^,^) (^,^)
(173)	:= [$sp]  $t1
	(^,^) (^,^) (^,^)
(172)	- $sp 4 $sp
	(^,^) (^,^) (^,^)
(171)	:= [$sp]  $t2
	(^,^) (^,^) (^,^)
(170)	- $sp 4 $sp
	(^,^) (^,^) (^,^)
(169)	:= [$sp]  $t3
	(^,^) (^,^) (^,^)
(168)	- $sp 4 $sp
	(^,^) (^,^) (^,^)
(167)	:= [$sp]  $t4
	(^,^) (^,^) (^,^)
(166)	- $sp 4 $sp
	(^,^) (^,^) (^,^)
(165)	:= [$sp]  $t5
	(^,^) (^,^) (^,^)
(164)	- $sp 4 $sp
	(^,^) (^,^) (^,^)
(163)	:= [$sp]  $t6
	(^,^) (^,^) (^,^)
(162)	- $sp 4 $sp
	(^,^) (^,^) (^,^)
(161)	:= [$sp]  $t7
	(^,^) (^,^) (^,^)
(160)	- $sp 4 $sp
	(^,^) (^,^) (^,^)
(159)	:= [$sp]  $fp
	(^,^) (^,^) (^,^)
(158)	:= $fp  $sp
	(^,^) (^,^) (^,^)
