
[四元式]	(F1,,,)
[汇编码]	F1:
---------------------

[RVALUE]
$t0: 
$t1: 
$t2: 
$t3: 
$t4: 
$t5: 
$t6: 
$t7: 
---------------------

[AVALUE]

=========================================

[四元式]	(+,$sp,12,$sp)
[汇编码]	addi $sp,$sp,12
---------------------

[RVALUE]
$t0: 
$t1: 
$t2: 
$t3: 
$t4: 
$t5: 
$t6: 
$t7: 
---------------------

[AVALUE]

=========================================

[四元式]	(:=,0,,V12)
[汇编码]	addi $t8,$zero,0
        	add $t0,$zero,$t8
---------------------

[RVALUE]
$t0: V12 
$t1: 
$t2: 
$t3: 
$t4: 
$t5: 
$t6: 
$t7: 
---------------------

[AVALUE]
V12: $t0 
=========================================

[四元式]	(+,$sp,8,$sp)
[汇编码]	addi $sp,$sp,8
---------------------

[RVALUE]
$t0: V12 
$t1: 
$t2: 
$t3: 
$t4: 
$t5: 
$t6: 
$t7: 
---------------------

[AVALUE]
V12: $t0 
=========================================

[四元式]	(+,V4,V0,V28)
[汇编码]	lw $t8,stack+8($fp)
        	lw $t9,stack+4($fp)
        	add $t1,$t8,$t9
---------------------

[RVALUE]
$t0: V12 
$t1: V28 
$t2: 
$t3: 
$t4: 
$t5: 
$t6: 
$t7: 
---------------------

[AVALUE]
V0: M 
V12: $t0 
V28: $t1 
V4: M 
=========================================

[四元式]	(+,$sp,4,$sp)
[汇编码]	addi $sp,$sp,4
---------------------

[RVALUE]
$t0: V12 
$t1: V28 
$t2: 
$t3: 
$t4: 
$t5: 
$t6: 
$t7: 
---------------------

[AVALUE]
V0: M 
V12: $t0 
V28: $t1 
V4: M 
=========================================

[四元式]	(j>,V8,V28,L0)
[汇编码]	lw $t8,stack+12($fp)
        	addi $t9,$t1,1
        	sub  $t8,$t8,$t9
        	sw $t0,stack+16($fp)
        	bgez $t8,L0
---------------------

[RVALUE]
$t0: 
$t1: 
$t2: 
$t3: 
$t4: 
$t5: 
$t6: 
$t7: 
---------------------

[AVALUE]

=========================================

[四元式]	(:=,0,,V32)
[汇编码]	addi $t8,$zero,0
        	add $t0,$zero,$t8
---------------------

[RVALUE]
$t0: V32 
$t1: 
$t2: 
$t3: 
$t4: 
$t5: 
$t6: 
$t7: 
---------------------

[AVALUE]
V32: $t0 
=========================================

[四元式]	(j,,,L1)
[汇编码]	sw $t0,stack+36($fp)
        	j L1
---------------------

[RVALUE]
$t0: 
$t1: 
$t2: 
$t3: 
$t4: 
$t5: 
$t6: 
$t7: 
---------------------

[AVALUE]

=========================================

[四元式]	(L0,,,)
[汇编码]	L0:
---------------------

[RVALUE]
$t0: 
$t1: 
$t2: 
$t3: 
$t4: 
$t5: 
$t6: 
$t7: 
---------------------

[AVALUE]

=========================================

[四元式]	(:=,1,,V32)
[汇编码]	addi $t8,$zero,1
        	add $t0,$zero,$t8
---------------------

[RVALUE]
$t0: V32 
$t1: 
$t2: 
$t3: 
$t4: 
$t5: 
$t6: 
$t7: 
---------------------

[AVALUE]
V32: $t0 
=========================================

[四元式]	(L1,,,)
[汇编码]	L1:
---------------------

[RVALUE]
$t0: 
$t1: 
$t2: 
$t3: 
$t4: 
$t5: 
$t6: 
$t7: 
---------------------

[AVALUE]

=========================================

[四元式]	(jnz,V32,,L2)
[汇编码]	lw $t8,stack+36($fp)
        	bne $t8,$zero,L2
---------------------

[RVALUE]
$t0: 
$t1: 
$t2: 
$t3: 
$t4: 
$t5: 
$t6: 
$t7: 
---------------------

[AVALUE]

=========================================

[四元式]	(j,,,L3)
[汇编码]	j L3
---------------------

[RVALUE]
$t0: 
$t1: 
$t2: 
$t3: 
$t4: 
$t5: 
$t6: 
$t7: 
---------------------

[AVALUE]

=========================================

[四元式]	(L2,,,)
[汇编码]	L2:
---------------------

[RVALUE]
$t0: 
$t1: 
$t2: 
$t3: 
$t4: 
$t5: 
$t6: 
$t7: 
---------------------

[AVALUE]

=========================================

[四元式]	(+,$sp,4,$sp)
[汇编码]	addi $sp,$sp,4
---------------------

[RVALUE]
$t0: 
$t1: 
$t2: 
$t3: 
$t4: 
$t5: 
$t6: 
$t7: 
---------------------

[AVALUE]

=========================================

[四元式]	(*,V4,V0,V36)
[汇编码]	lw $t8,stack+8($fp)
        	lw $t9,stack+4($fp)
        	mul $t0,$t8,$t9
---------------------

[RVALUE]
$t0: V36 
$t1: 
$t2: 
$t3: 
$t4: 
$t5: 
$t6: 
$t7: 
---------------------

[AVALUE]
V0: M 
V36: $t0 
V4: M 
=========================================

[四元式]	(+,$sp,4,$sp)
[汇编码]	addi $sp,$sp,4
---------------------

[RVALUE]
$t0: V36 
$t1: 
$t2: 
$t3: 
$t4: 
$t5: 
$t6: 
$t7: 
---------------------

[AVALUE]
V0: M 
V36: $t0 
V4: M 
=========================================

[四元式]	(:=,1,,V40)
[汇编码]	addi $t8,$zero,1
        	add $t1,$zero,$t8
---------------------

[RVALUE]
$t0: V36 
$t1: V40 
$t2: 
$t3: 
$t4: 
$t5: 
$t6: 
$t7: 
---------------------

[AVALUE]
V0: M 
V36: $t0 
V4: M 
V40: $t1 
=========================================

[四元式]	(+,$sp,4,$sp)
[汇编码]	addi $sp,$sp,4
---------------------

[RVALUE]
$t0: V36 
$t1: V40 
$t2: 
$t3: 
$t4: 
$t5: 
$t6: 
$t7: 
---------------------

[AVALUE]
V0: M 
V36: $t0 
V4: M 
V40: $t1 
=========================================

[四元式]	(+,V36,1,T0)
[汇编码]	addi $t2,$t0,1
---------------------

[RVALUE]
$t0: V36 
$t1: V40 
$t2: T0 
$t3: 
$t4: 
$t5: 
$t6: 
$t7: 
---------------------

[AVALUE]
T0: $t2 
V0: M 
V36: $t0 
V4: M 
V40: $t1 
=========================================

[四元式]	(+,$sp,4,$sp)
[汇编码]	addi $sp,$sp,4
---------------------

[RVALUE]
$t0: V36 
$t1: V40 
$t2: T0 
$t3: 
$t4: 
$t5: 
$t6: 
$t7: 
---------------------

[AVALUE]
T0: $t2 
V0: M 
V36: $t0 
V4: M 
V40: $t1 
=========================================

[四元式]	(+,V8,T0,V48)
[汇编码]	lw $t8,stack+12($fp)
        	add $t3,$t8,$t2
---------------------

[RVALUE]
$t0: V36 
$t1: V40 
$t2: 
$t3: V48 
$t4: 
$t5: 
$t6: 
$t7: 
---------------------

[AVALUE]
V0: M 
V36: $t0 
V4: M 
V40: $t1 
V48: $t3 
V8: M 
=========================================

[四元式]	(:=,V48,,V16)
[汇编码]	add $t2,$zero,$t3
---------------------

[RVALUE]
$t0: V36 
$t1: V40 
$t2: V16 
$t3: V48 
$t4: 
$t5: 
$t6: 
$t7: 
---------------------

[AVALUE]
V0: M 
V16: $t2 
V36: $t0 
V4: M 
V40: $t1 
V48: $t3 
V8: M 
=========================================

[四元式]	(+,$sp,4,$sp)
[汇编码]	addi $sp,$sp,4
---------------------

[RVALUE]
$t0: V36 
$t1: V40 
$t2: V16 
$t3: V48 
$t4: 
$t5: 
$t6: 
$t7: 
---------------------

[AVALUE]
V0: M 
V16: $t2 
V36: $t0 
V4: M 
V40: $t1 
V48: $t3 
V8: M 
=========================================

[四元式]	(-,$sp,20,$sp)
[汇编码]	addi $t9,$zero,20
        	sub $sp,$sp,$t9
---------------------

[RVALUE]
$t0: V36 
$t1: V40 
$t2: V16 
$t3: V48 
$t4: 
$t5: 
$t6: 
$t7: 
---------------------

[AVALUE]
V0: M 
V16: $t2 
V36: $t0 
V4: M 
V40: $t1 
V48: $t3 
V8: M 
=========================================

[四元式]	(j,,,L4)
[汇编码]	sw $t2,stack+20($fp)
        	sw $t0,stack+40($fp)
        	sw $t1,stack+44($fp)
        	sw $t3,stack+52($fp)
        	j L4
---------------------

[RVALUE]
$t0: 
$t1: 
$t2: 
$t3: 
$t4: 
$t5: 
$t6: 
$t7: 
---------------------

[AVALUE]

=========================================

[四元式]	(L3,,,)
[汇编码]	L3:
---------------------

[RVALUE]
$t0: 
$t1: 
$t2: 
$t3: 
$t4: 
$t5: 
$t6: 
$t7: 
---------------------

[AVALUE]

=========================================

[四元式]	(:=,V8,,V16)
[汇编码]	lw $t8,stack+12($fp)
        	add $t0,$zero,$t8
---------------------

[RVALUE]
$t0: V16 
$t1: 
$t2: 
$t3: 
$t4: 
$t5: 
$t6: 
$t7: 
---------------------

[AVALUE]
V16: $t0 
V8: M 
=========================================

[四元式]	(:=,V8,,V36)
[汇编码]	lw $t8,stack+12($fp)
        	add $t1,$zero,$t8
---------------------

[RVALUE]
$t0: V16 
$t1: V36 
$t2: 
$t3: 
$t4: 
$t5: 
$t6: 
$t7: 
---------------------

[AVALUE]
V16: $t0 
V36: $t1 
V8: M 
=========================================

[四元式]	(+,$sp,4,$sp)
[汇编码]	addi $sp,$sp,4
---------------------

[RVALUE]
$t0: V16 
$t1: V36 
$t2: 
$t3: 
$t4: 
$t5: 
$t6: 
$t7: 
---------------------

[AVALUE]
V16: $t0 
V36: $t1 
V8: M 
=========================================

[四元式]	(-,$sp,4,$sp)
[汇编码]	addi $t9,$zero,4
        	sub $sp,$sp,$t9
---------------------

[RVALUE]
$t0: V16 
$t1: V36 
$t2: 
$t3: 
$t4: 
$t5: 
$t6: 
$t7: 
---------------------

[AVALUE]
V16: $t0 
V36: $t1 
V8: M 
=========================================

[四元式]	(L4,,,)
[汇编码]	L4:
---------------------

[RVALUE]
$t0: 
$t1: 
$t2: 
$t3: 
$t4: 
$t5: 
$t6: 
$t7: 
---------------------

[AVALUE]

=========================================

[四元式]	(+,$sp,4,$sp)
[汇编码]	addi $sp,$sp,4
---------------------

[RVALUE]
$t0: 
$t1: 
$t2: 
$t3: 
$t4: 
$t5: 
$t6: 
$t7: 
---------------------

[AVALUE]

=========================================

[四元式]	(:=,100,,V36)
[汇编码]	addi $t8,$zero,100
        	add $t0,$zero,$t8
---------------------

[RVALUE]
$t0: V36 
$t1: 
$t2: 
$t3: 
$t4: 
$t5: 
$t6: 
$t7: 
---------------------

[AVALUE]
V36: $t0 
=========================================

[四元式]	(+,$sp,4,$sp)
[汇编码]	addi $sp,$sp,4
---------------------

[RVALUE]
$t0: V36 
$t1: 
$t2: 
$t3: 
$t4: 
$t5: 
$t6: 
$t7: 
---------------------

[AVALUE]
V36: $t0 
=========================================

[四元式]	(j<=,V12,V36,L5)
[汇编码]	lw $t8,stack+16($fp)
        	sub $t9,$t0,$t8
        	sw $t0,stack+40($fp)
        	bgez $t9,L5
---------------------

[RVALUE]
$t0: 
$t1: 
$t2: 
$t3: 
$t4: 
$t5: 
$t6: 
$t7: 
---------------------

[AVALUE]

=========================================

[四元式]	(:=,0,,V40)
[汇编码]	addi $t8,$zero,0
        	add $t0,$zero,$t8
---------------------

[RVALUE]
$t0: V40 
$t1: 
$t2: 
$t3: 
$t4: 
$t5: 
$t6: 
$t7: 
---------------------

[AVALUE]
V40: $t0 
=========================================

[四元式]	(j,,,L6)
[汇编码]	sw $t0,stack+44($fp)
        	j L6
---------------------

[RVALUE]
$t0: 
$t1: 
$t2: 
$t3: 
$t4: 
$t5: 
$t6: 
$t7: 
---------------------

[AVALUE]

=========================================

[四元式]	(L5,,,)
[汇编码]	L5:
---------------------

[RVALUE]
$t0: 
$t1: 
$t2: 
$t3: 
$t4: 
$t5: 
$t6: 
$t7: 
---------------------

[AVALUE]

=========================================

[四元式]	(:=,1,,V40)
[汇编码]	addi $t8,$zero,1
        	add $t0,$zero,$t8
---------------------

[RVALUE]
$t0: V40 
$t1: 
$t2: 
$t3: 
$t4: 
$t5: 
$t6: 
$t7: 
---------------------

[AVALUE]
V40: $t0 
=========================================

[四元式]	(L6,,,)
[汇编码]	L6:
---------------------

[RVALUE]
$t0: 
$t1: 
$t2: 
$t3: 
$t4: 
$t5: 
$t6: 
$t7: 
---------------------

[AVALUE]

=========================================

[四元式]	(jnz,V40,,L7)
[汇编码]	lw $t8,stack+44($fp)
        	bne $t8,$zero,L7
---------------------

[RVALUE]
$t0: 
$t1: 
$t2: 
$t3: 
$t4: 
$t5: 
$t6: 
$t7: 
---------------------

[AVALUE]

=========================================

[四元式]	(j,,,L8)
[汇编码]	j L8
---------------------

[RVALUE]
$t0: 
$t1: 
$t2: 
$t3: 
$t4: 
$t5: 
$t6: 
$t7: 
---------------------

[AVALUE]

=========================================

[四元式]	(L7,,,)
[汇编码]	L7:
---------------------

[RVALUE]
$t0: 
$t1: 
$t2: 
$t3: 
$t4: 
$t5: 
$t6: 
$t7: 
---------------------

[AVALUE]

=========================================

[四元式]	(+,$sp,8,$sp)
[汇编码]	addi $sp,$sp,8
---------------------

[RVALUE]
$t0: 
$t1: 
$t2: 
$t3: 
$t4: 
$t5: 
$t6: 
$t7: 
---------------------

[AVALUE]

=========================================

[四元式]	(*,V16,2,V48)
[汇编码]	lw $t8,stack+20($fp)
        	addi $t9,$zero,2
        	mul $t0,$t8,$t9
---------------------

[RVALUE]
$t0: V48 
$t1: 
$t2: 
$t3: 
$t4: 
$t5: 
$t6: 
$t7: 
---------------------

[AVALUE]
V16: M 
V48: $t0 
=========================================

[四元式]	(:=,V48,,V16)
[汇编码]	add $t1,$zero,$t0
---------------------

[RVALUE]
$t0: V48 
$t1: V16 
$t2: 
$t3: 
$t4: 
$t5: 
$t6: 
$t7: 
---------------------

[AVALUE]
V16: $t1 
V48: $t0 
=========================================

[四元式]	(:=,V48,,V12)
[汇编码]	add $t2,$zero,$t0
---------------------

[RVALUE]
$t0: V48 
$t1: V16 
$t2: V12 
$t3: 
$t4: 
$t5: 
$t6: 
$t7: 
---------------------

[AVALUE]
V12: $t2 
V16: $t1 
V48: $t0 
=========================================

[四元式]	(+,$sp,8,$sp)
[汇编码]	addi $sp,$sp,8
---------------------

[RVALUE]
$t0: V48 
$t1: V16 
$t2: V12 
$t3: 
$t4: 
$t5: 
$t6: 
$t7: 
---------------------

[AVALUE]
V12: $t2 
V16: $t1 
V48: $t0 
=========================================

[四元式]	(-,$sp,16,$sp)
[汇编码]	addi $t9,$zero,16
        	sub $sp,$sp,$t9
---------------------

[RVALUE]
$t0: V48 
$t1: V16 
$t2: V12 
$t3: 
$t4: 
$t5: 
$t6: 
$t7: 
---------------------

[AVALUE]
V12: $t2 
V16: $t1 
V48: $t0 
=========================================

[四元式]	(j,,,L4)
[汇编码]	sw $t2,stack+16($fp)
        	sw $t1,stack+20($fp)
        	sw $t0,stack+52($fp)
        	j L4
---------------------

[RVALUE]
$t0: 
$t1: 
$t2: 
$t3: 
$t4: 
$t5: 
$t6: 
$t7: 
---------------------

[AVALUE]

=========================================

[四元式]	(L8,,,)
[汇编码]	L8:
---------------------

[RVALUE]
$t0: 
$t1: 
$t2: 
$t3: 
$t4: 
$t5: 
$t6: 
$t7: 
---------------------

[AVALUE]

=========================================

[四元式]	(:=,V12,,$v0)
[汇编码]	lw $t8,stack+16($fp)
        	add $v0,$zero,$t8
---------------------

[RVALUE]
$t0: 
$t1: 
$t2: 
$t3: 
$t4: 
$t5: 
$t6: 
$t7: 
---------------------

[AVALUE]
V12: M 
=========================================

[四元式]	(ret,,,)
[汇编码]	jr $ra
---------------------

[RVALUE]
$t0: 
$t1: 
$t2: 
$t3: 
$t4: 
$t5: 
$t6: 
$t7: 
---------------------

[AVALUE]

=========================================

[四元式]	(F0,,,)
[汇编码]	F0:
---------------------

[RVALUE]
$t0: 
$t1: 
$t2: 
$t3: 
$t4: 
$t5: 
$t6: 
$t7: 
---------------------

[AVALUE]

=========================================

[四元式]	(+,$sp,8,$sp)
[汇编码]	addi $sp,$sp,8
---------------------

[RVALUE]
$t0: 
$t1: 
$t2: 
$t3: 
$t4: 
$t5: 
$t6: 
$t7: 
---------------------

[AVALUE]

=========================================

[四元式]	(+,V0,2,T1)
[汇编码]	lw $t8,stack+4($fp)
        	addi $t0,$t8,2
---------------------

[RVALUE]
$t0: T1 
$t1: 
$t2: 
$t3: 
$t4: 
$t5: 
$t6: 
$t7: 
---------------------

[AVALUE]
T1: $t0 
V0: M 
=========================================

[四元式]	(+,$sp,12,$sp)
[汇编码]	addi $sp,$sp,12
---------------------

[RVALUE]
$t0: T1 
$t1: 
$t2: 
$t3: 
$t4: 
$t5: 
$t6: 
$t7: 
---------------------

[AVALUE]
T1: $t0 
V0: M 
=========================================

[四元式]	(*,T1,2,V20)
[汇编码]	addi $t9,$zero,2
        	mul $t1,$t0,$t9
---------------------

[RVALUE]
$t0: 
$t1: V20 
$t2: 
$t3: 
$t4: 
$t5: 
$t6: 
$t7: 
---------------------

[AVALUE]
V0: M 
V20: $t1 
=========================================

[四元式]	(:=,V20,,$v0)
[汇编码]	add $v0,$zero,$t1
---------------------

[RVALUE]
$t0: 
$t1: 
$t2: 
$t3: 
$t4: 
$t5: 
$t6: 
$t7: 
---------------------

[AVALUE]
V0: M 
=========================================

[四元式]	(ret,,,)
[汇编码]	jr $ra
---------------------

[RVALUE]
$t0: 
$t1: 
$t2: 
$t3: 
$t4: 
$t5: 
$t6: 
$t7: 
---------------------

[AVALUE]

=========================================

[四元式]	(Fmain,,,)
[汇编码]	Fmain:
---------------------

[RVALUE]
$t0: 
$t1: 
$t2: 
$t3: 
$t4: 
$t5: 
$t6: 
$t7: 
---------------------

[AVALUE]

=========================================

[四元式]	(+,$sp,40,$sp)
[汇编码]	addi $sp,$sp,40
---------------------

[RVALUE]
$t0: 
$t1: 
$t2: 
$t3: 
$t4: 
$t5: 
$t6: 
$t7: 
---------------------

[AVALUE]

=========================================

[四元式]	(:=,3,,V172)
[汇编码]	addi $t8,$zero,3
        	add $t0,$zero,$t8
---------------------

[RVALUE]
$t0: V172 
$t1: 
$t2: 
$t3: 
$t4: 
$t5: 
$t6: 
$t7: 
---------------------

[AVALUE]
V172: $t0 
=========================================

[四元式]	([]=,3,0,V0)
[汇编码]	addi $t8,$zero,3
        	addi $t9,$zero,0
        	sll $t9,$t9,2
        	addi $t9,$t9,0
        	addi $t9,$t9,4
        	add $t9,$t9,$fp
        	sw $t8,stack($t9)
---------------------

[RVALUE]
$t0: V172 
$t1: 
$t2: 
$t3: 
$t4: 
$t5: 
$t6: 
$t7: 
---------------------

[AVALUE]
V172: $t0 
=========================================

[四元式]	(+,$sp,48,$sp)
[汇编码]	addi $sp,$sp,48
---------------------

[RVALUE]
$t0: V172 
$t1: 
$t2: 
$t3: 
$t4: 
$t5: 
$t6: 
$t7: 
---------------------

[AVALUE]
V172: $t0 
=========================================

[四元式]	(=[],V0,0,T2)
[汇编码]	addi $t9,$zero,0
        	sll $t9,$t9,2
        	addi $t9,$t9,0
        	addi $t9,$t9,4
        	add $t9,$t9,$fp
        	lw $t1,stack($t9)
---------------------

[RVALUE]
$t0: V172 
$t1: T2 
$t2: 
$t3: 
$t4: 
$t5: 
$t6: 
$t7: 
---------------------

[AVALUE]
T2: $t1 
V172: $t0 
=========================================

[四元式]	(+,$sp,8,$sp)
[汇编码]	addi $sp,$sp,8
---------------------

[RVALUE]
$t0: V172 
$t1: T2 
$t2: 
$t3: 
$t4: 
$t5: 
$t6: 
$t7: 
---------------------

[AVALUE]
T2: $t1 
V172: $t0 
=========================================

[四元式]	(+,T2,1,T3)
[汇编码]	addi $t2,$t1,1
---------------------

[RVALUE]
$t0: V172 
$t1: 
$t2: T3 
$t3: 
$t4: 
$t5: 
$t6: 
$t7: 
---------------------

[AVALUE]
T3: $t2 
V172: $t0 
=========================================

[四元式]	([]=,T3,1,V0)
[汇编码]	addi $t9,$zero,1
        	sll $t9,$t9,2
        	addi $t9,$t9,0
        	addi $t9,$t9,4
        	add $t9,$t9,$fp
        	sw $t2,stack($t9)
---------------------

[RVALUE]
$t0: V172 
$t1: 
$t2: 
$t3: 
$t4: 
$t5: 
$t6: 
$t7: 
---------------------

[AVALUE]
V172: $t0 
=========================================

[四元式]	(+,$sp,48,$sp)
[汇编码]	addi $sp,$sp,48
---------------------

[RVALUE]
$t0: V172 
$t1: 
$t2: 
$t3: 
$t4: 
$t5: 
$t6: 
$t7: 
---------------------

[AVALUE]
V172: $t0 
=========================================

[四元式]	(=[],V0,1,T4)
[汇编码]	addi $t9,$zero,1
        	sll $t9,$t9,2
        	addi $t9,$t9,0
        	addi $t9,$t9,4
        	add $t9,$t9,$fp
        	lw $t1,stack($t9)
---------------------

[RVALUE]
$t0: V172 
$t1: T4 
$t2: 
$t3: 
$t4: 
$t5: 
$t6: 
$t7: 
---------------------

[AVALUE]
T4: $t1 
V172: $t0 
=========================================

[四元式]	(+,$sp,8,$sp)
[汇编码]	addi $sp,$sp,8
---------------------

[RVALUE]
$t0: V172 
$t1: T4 
$t2: 
$t3: 
$t4: 
$t5: 
$t6: 
$t7: 
---------------------

[AVALUE]
T4: $t1 
V172: $t0 
=========================================

[四元式]	(+,T4,1,T5)
[汇编码]	addi $t2,$t1,1
---------------------

[RVALUE]
$t0: V172 
$t1: 
$t2: T5 
$t3: 
$t4: 
$t5: 
$t6: 
$t7: 
---------------------

[AVALUE]
T5: $t2 
V172: $t0 
=========================================

[四元式]	([]=,T5,2,V0)
[汇编码]	addi $t9,$zero,2
        	sll $t9,$t9,2
        	addi $t9,$t9,0
        	addi $t9,$t9,4
        	add $t9,$t9,$fp
        	sw $t2,stack($t9)
---------------------

[RVALUE]
$t0: V172 
$t1: 
$t2: 
$t3: 
$t4: 
$t5: 
$t6: 
$t7: 
---------------------

[AVALUE]
V172: $t0 
=========================================

[四元式]	(+,$sp,48,$sp)
[汇编码]	addi $sp,$sp,48
---------------------

[RVALUE]
$t0: V172 
$t1: 
$t2: 
$t3: 
$t4: 
$t5: 
$t6: 
$t7: 
---------------------

[AVALUE]
V172: $t0 
=========================================

[四元式]	(=[],V0,0,V196)
[汇编码]	addi $t9,$zero,0
        	sll $t9,$t9,2
        	addi $t9,$t9,0
        	addi $t9,$t9,4
        	add $t9,$t9,$fp
        	lw $t1,stack($t9)
---------------------

[RVALUE]
$t0: V172 
$t1: V196 
$t2: 
$t3: 
$t4: 
$t5: 
$t6: 
$t7: 
---------------------

[AVALUE]
V172: $t0 
V196: $t1 
=========================================

[四元式]	(+,$sp,24,$sp)
[汇编码]	addi $sp,$sp,24
---------------------

[RVALUE]
$t0: V172 
$t1: V196 
$t2: 
$t3: 
$t4: 
$t5: 
$t6: 
$t7: 
---------------------

[AVALUE]
V172: $t0 
V196: $t1 
=========================================

[四元式]	(=[],V0,1,V220)
[汇编码]	addi $t9,$zero,1
        	sll $t9,$t9,2
        	addi $t9,$t9,0
        	addi $t9,$t9,4
        	add $t9,$t9,$fp
        	lw $t2,stack($t9)
---------------------

[RVALUE]
$t0: V172 
$t1: V196 
$t2: V220 
$t3: 
$t4: 
$t5: 
$t6: 
$t7: 
---------------------

[AVALUE]
V172: $t0 
V196: $t1 
V220: $t2 
=========================================

[四元式]	(+,$sp,24,$sp)
[汇编码]	addi $sp,$sp,24
---------------------

[RVALUE]
$t0: V172 
$t1: V196 
$t2: V220 
$t3: 
$t4: 
$t5: 
$t6: 
$t7: 
---------------------

[AVALUE]
V172: $t0 
V196: $t1 
V220: $t2 
=========================================

[四元式]	(=[],V0,2,V244)
[汇编码]	addi $t9,$zero,2
        	sll $t9,$t9,2
        	addi $t9,$t9,0
        	addi $t9,$t9,4
        	add $t9,$t9,$fp
        	lw $t3,stack($t9)
---------------------

[RVALUE]
$t0: V172 
$t1: V196 
$t2: V220 
$t3: V244 
$t4: 
$t5: 
$t6: 
$t7: 
---------------------

[AVALUE]
V172: $t0 
V196: $t1 
V220: $t2 
V244: $t3 
=========================================

[四元式]	(:=,$ra,,[$sp])
[汇编码]	sw $ra,stack($sp)
---------------------

[RVALUE]
$t0: V172 
$t1: V196 
$t2: V220 
$t3: V244 
$t4: 
$t5: 
$t6: 
$t7: 
---------------------

[AVALUE]
V172: $t0 
V196: $t1 
V220: $t2 
V244: $t3 
=========================================

[四元式]	(+,$sp,4,$sp)
[汇编码]	addi $sp,$sp,4
---------------------

[RVALUE]
$t0: V172 
$t1: V196 
$t2: V220 
$t3: V244 
$t4: 
$t5: 
$t6: 
$t7: 
---------------------

[AVALUE]
V172: $t0 
V196: $t1 
V220: $t2 
V244: $t3 
=========================================

[四元式]	(:=,$t0,,[$sp])
[汇编码]	sw $t0,stack($sp)
---------------------

[RVALUE]
$t0: V172 
$t1: V196 
$t2: V220 
$t3: V244 
$t4: 
$t5: 
$t6: 
$t7: 
---------------------

[AVALUE]
V172: $t0 
V196: $t1 
V220: $t2 
V244: $t3 
=========================================

[四元式]	(+,$sp,4,$sp)
[汇编码]	addi $sp,$sp,4
---------------------

[RVALUE]
$t0: V172 
$t1: V196 
$t2: V220 
$t3: V244 
$t4: 
$t5: 
$t6: 
$t7: 
---------------------

[AVALUE]
V172: $t0 
V196: $t1 
V220: $t2 
V244: $t3 
=========================================

[四元式]	(:=,$t1,,[$sp])
[汇编码]	sw $t1,stack($sp)
---------------------

[RVALUE]
$t0: V172 
$t1: V196 
$t2: V220 
$t3: V244 
$t4: 
$t5: 
$t6: 
$t7: 
---------------------

[AVALUE]
V172: $t0 
V196: $t1 
V220: $t2 
V244: $t3 
=========================================

[四元式]	(+,$sp,4,$sp)
[汇编码]	addi $sp,$sp,4
---------------------

[RVALUE]
$t0: V172 
$t1: V196 
$t2: V220 
$t3: V244 
$t4: 
$t5: 
$t6: 
$t7: 
---------------------

[AVALUE]
V172: $t0 
V196: $t1 
V220: $t2 
V244: $t3 
=========================================

[四元式]	(:=,$t2,,[$sp])
[汇编码]	sw $t2,stack($sp)
---------------------

[RVALUE]
$t0: V172 
$t1: V196 
$t2: V220 
$t3: V244 
$t4: 
$t5: 
$t6: 
$t7: 
---------------------

[AVALUE]
V172: $t0 
V196: $t1 
V220: $t2 
V244: $t3 
=========================================

[四元式]	(+,$sp,4,$sp)
[汇编码]	addi $sp,$sp,4
---------------------

[RVALUE]
$t0: V172 
$t1: V196 
$t2: V220 
$t3: V244 
$t4: 
$t5: 
$t6: 
$t7: 
---------------------

[AVALUE]
V172: $t0 
V196: $t1 
V220: $t2 
V244: $t3 
=========================================

[四元式]	(:=,$t3,,[$sp])
[汇编码]	sw $t3,stack($sp)
---------------------

[RVALUE]
$t0: V172 
$t1: V196 
$t2: V220 
$t3: V244 
$t4: 
$t5: 
$t6: 
$t7: 
---------------------

[AVALUE]
V172: $t0 
V196: $t1 
V220: $t2 
V244: $t3 
=========================================

[四元式]	(+,$sp,4,$sp)
[汇编码]	addi $sp,$sp,4
---------------------

[RVALUE]
$t0: V172 
$t1: V196 
$t2: V220 
$t3: V244 
$t4: 
$t5: 
$t6: 
$t7: 
---------------------

[AVALUE]
V172: $t0 
V196: $t1 
V220: $t2 
V244: $t3 
=========================================

[四元式]	(:=,$t4,,[$sp])
[汇编码]	sw $t4,stack($sp)
---------------------

[RVALUE]
$t0: V172 
$t1: V196 
$t2: V220 
$t3: V244 
$t4: 
$t5: 
$t6: 
$t7: 
---------------------

[AVALUE]
V172: $t0 
V196: $t1 
V220: $t2 
V244: $t3 
=========================================

[四元式]	(+,$sp,4,$sp)
[汇编码]	addi $sp,$sp,4
---------------------

[RVALUE]
$t0: V172 
$t1: V196 
$t2: V220 
$t3: V244 
$t4: 
$t5: 
$t6: 
$t7: 
---------------------

[AVALUE]
V172: $t0 
V196: $t1 
V220: $t2 
V244: $t3 
=========================================

[四元式]	(:=,$t5,,[$sp])
[汇编码]	sw $t5,stack($sp)
---------------------

[RVALUE]
$t0: V172 
$t1: V196 
$t2: V220 
$t3: V244 
$t4: 
$t5: 
$t6: 
$t7: 
---------------------

[AVALUE]
V172: $t0 
V196: $t1 
V220: $t2 
V244: $t3 
=========================================

[四元式]	(+,$sp,4,$sp)
[汇编码]	addi $sp,$sp,4
---------------------

[RVALUE]
$t0: V172 
$t1: V196 
$t2: V220 
$t3: V244 
$t4: 
$t5: 
$t6: 
$t7: 
---------------------

[AVALUE]
V172: $t0 
V196: $t1 
V220: $t2 
V244: $t3 
=========================================

[四元式]	(:=,$t6,,[$sp])
[汇编码]	sw $t6,stack($sp)
---------------------

[RVALUE]
$t0: V172 
$t1: V196 
$t2: V220 
$t3: V244 
$t4: 
$t5: 
$t6: 
$t7: 
---------------------

[AVALUE]
V172: $t0 
V196: $t1 
V220: $t2 
V244: $t3 
=========================================

[四元式]	(+,$sp,4,$sp)
[汇编码]	addi $sp,$sp,4
---------------------

[RVALUE]
$t0: V172 
$t1: V196 
$t2: V220 
$t3: V244 
$t4: 
$t5: 
$t6: 
$t7: 
---------------------

[AVALUE]
V172: $t0 
V196: $t1 
V220: $t2 
V244: $t3 
=========================================

[四元式]	(:=,$t7,,[$sp])
[汇编码]	sw $t7,stack($sp)
---------------------

[RVALUE]
$t0: V172 
$t1: V196 
$t2: V220 
$t3: V244 
$t4: 
$t5: 
$t6: 
$t7: 
---------------------

[AVALUE]
V172: $t0 
V196: $t1 
V220: $t2 
V244: $t3 
=========================================

[四元式]	(+,$sp,4,$sp)
[汇编码]	addi $sp,$sp,4
---------------------

[RVALUE]
$t0: V172 
$t1: V196 
$t2: V220 
$t3: V244 
$t4: 
$t5: 
$t6: 
$t7: 
---------------------

[AVALUE]
V172: $t0 
V196: $t1 
V220: $t2 
V244: $t3 
=========================================

[四元式]	(:=,$sp,,$s0)
[汇编码]	add $s0,$zero,$sp
---------------------

[RVALUE]
$t0: V172 
$t1: V196 
$t2: V220 
$t3: V244 
$t4: 
$t5: 
$t6: 
$t7: 
---------------------

[AVALUE]
V172: $t0 
V196: $t1 
V220: $t2 
V244: $t3 
=========================================

[四元式]	(:=,$fp,,[$sp])
[汇编码]	sw $fp,stack($sp)
---------------------

[RVALUE]
$t0: V172 
$t1: V196 
$t2: V220 
$t3: V244 
$t4: 
$t5: 
$t6: 
$t7: 
---------------------

[AVALUE]
V172: $t0 
V196: $t1 
V220: $t2 
V244: $t3 
=========================================

[四元式]	(+,$sp,4,$sp)
[汇编码]	addi $sp,$sp,4
---------------------

[RVALUE]
$t0: V172 
$t1: V196 
$t2: V220 
$t3: V244 
$t4: 
$t5: 
$t6: 
$t7: 
---------------------

[AVALUE]
V172: $t0 
V196: $t1 
V220: $t2 
V244: $t3 
=========================================

[四元式]	(:=,$s0,,$fp)
[汇编码]	add $fp,$zero,$s0
---------------------

[RVALUE]
$t0: V172 
$t1: V196 
$t2: V220 
$t3: V244 
$t4: 
$t5: 
$t6: 
$t7: 
---------------------

[AVALUE]
V172: $t0 
V196: $t1 
V220: $t2 
V244: $t3 
=========================================

[四元式]	(:=,V244,,[$sp])
[汇编码]	sw $t3,stack($sp)
---------------------

[RVALUE]
$t0: V172 
$t1: V196 
$t2: V220 
$t3: 
$t4: 
$t5: 
$t6: 
$t7: 
---------------------

[AVALUE]
V172: $t0 
V196: $t1 
V220: $t2 
=========================================

[四元式]	(+,$sp,4,$sp)
[汇编码]	addi $sp,$sp,4
---------------------

[RVALUE]
$t0: V172 
$t1: V196 
$t2: V220 
$t3: 
$t4: 
$t5: 
$t6: 
$t7: 
---------------------

[AVALUE]
V172: $t0 
V196: $t1 
V220: $t2 
=========================================

[四元式]	(jal,,,F0)
[汇编码]	jal F0
---------------------

[RVALUE]
$t0: V172 
$t1: V196 
$t2: V220 
$t3: 
$t4: 
$t5: 
$t6: 
$t7: 
---------------------

[AVALUE]
V172: $t0 
V196: $t1 
V220: $t2 
=========================================

[四元式]	(:=,$fp,,$sp)
[汇编码]	add $sp,$zero,$fp
---------------------

[RVALUE]
$t0: V172 
$t1: V196 
$t2: V220 
$t3: 
$t4: 
$t5: 
$t6: 
$t7: 
---------------------

[AVALUE]
V172: $t0 
V196: $t1 
V220: $t2 
=========================================

[四元式]	(:=,[$sp],,$fp)
[汇编码]	lw $fp,stack($sp)
---------------------

[RVALUE]
$t0: V172 
$t1: V196 
$t2: V220 
$t3: 
$t4: 
$t5: 
$t6: 
$t7: 
---------------------

[AVALUE]
V172: $t0 
V196: $t1 
V220: $t2 
=========================================

[四元式]	(-,$sp,4,$sp)
[汇编码]	addi $t9,$zero,4
        	sub $sp,$sp,$t9
---------------------

[RVALUE]
$t0: V172 
$t1: V196 
$t2: V220 
$t3: 
$t4: 
$t5: 
$t6: 
$t7: 
---------------------

[AVALUE]
V172: $t0 
V196: $t1 
V220: $t2 
=========================================

[四元式]	(:=,[$sp],,$t7)
[汇编码]	lw $t7,stack($sp)
---------------------

[RVALUE]
$t0: V172 
$t1: V196 
$t2: V220 
$t3: 
$t4: 
$t5: 
$t6: 
$t7: 
---------------------

[AVALUE]
V172: $t0 
V196: $t1 
V220: $t2 
=========================================

[四元式]	(-,$sp,4,$sp)
[汇编码]	addi $t9,$zero,4
        	sub $sp,$sp,$t9
---------------------

[RVALUE]
$t0: V172 
$t1: V196 
$t2: V220 
$t3: 
$t4: 
$t5: 
$t6: 
$t7: 
---------------------

[AVALUE]
V172: $t0 
V196: $t1 
V220: $t2 
=========================================

[四元式]	(:=,[$sp],,$t6)
[汇编码]	lw $t6,stack($sp)
---------------------

[RVALUE]
$t0: V172 
$t1: V196 
$t2: V220 
$t3: 
$t4: 
$t5: 
$t6: 
$t7: 
---------------------

[AVALUE]
V172: $t0 
V196: $t1 
V220: $t2 
=========================================

[四元式]	(-,$sp,4,$sp)
[汇编码]	addi $t9,$zero,4
        	sub $sp,$sp,$t9
---------------------

[RVALUE]
$t0: V172 
$t1: V196 
$t2: V220 
$t3: 
$t4: 
$t5: 
$t6: 
$t7: 
---------------------

[AVALUE]
V172: $t0 
V196: $t1 
V220: $t2 
=========================================

[四元式]	(:=,[$sp],,$t5)
[汇编码]	lw $t5,stack($sp)
---------------------

[RVALUE]
$t0: V172 
$t1: V196 
$t2: V220 
$t3: 
$t4: 
$t5: 
$t6: 
$t7: 
---------------------

[AVALUE]
V172: $t0 
V196: $t1 
V220: $t2 
=========================================

[四元式]	(-,$sp,4,$sp)
[汇编码]	addi $t9,$zero,4
        	sub $sp,$sp,$t9
---------------------

[RVALUE]
$t0: V172 
$t1: V196 
$t2: V220 
$t3: 
$t4: 
$t5: 
$t6: 
$t7: 
---------------------

[AVALUE]
V172: $t0 
V196: $t1 
V220: $t2 
=========================================

[四元式]	(:=,[$sp],,$t4)
[汇编码]	lw $t4,stack($sp)
---------------------

[RVALUE]
$t0: V172 
$t1: V196 
$t2: V220 
$t3: 
$t4: 
$t5: 
$t6: 
$t7: 
---------------------

[AVALUE]
V172: $t0 
V196: $t1 
V220: $t2 
=========================================

[四元式]	(-,$sp,4,$sp)
[汇编码]	addi $t9,$zero,4
        	sub $sp,$sp,$t9
---------------------

[RVALUE]
$t0: V172 
$t1: V196 
$t2: V220 
$t3: 
$t4: 
$t5: 
$t6: 
$t7: 
---------------------

[AVALUE]
V172: $t0 
V196: $t1 
V220: $t2 
=========================================

[四元式]	(:=,[$sp],,$t3)
[汇编码]	lw $t3,stack($sp)
---------------------

[RVALUE]
$t0: V172 
$t1: V196 
$t2: V220 
$t3: 
$t4: 
$t5: 
$t6: 
$t7: 
---------------------

[AVALUE]
V172: $t0 
V196: $t1 
V220: $t2 
=========================================

[四元式]	(-,$sp,4,$sp)
[汇编码]	addi $t9,$zero,4
        	sub $sp,$sp,$t9
---------------------

[RVALUE]
$t0: V172 
$t1: V196 
$t2: V220 
$t3: 
$t4: 
$t5: 
$t6: 
$t7: 
---------------------

[AVALUE]
V172: $t0 
V196: $t1 
V220: $t2 
=========================================

[四元式]	(:=,[$sp],,$t2)
[汇编码]	lw $t2,stack($sp)
---------------------

[RVALUE]
$t0: V172 
$t1: V196 
$t2: V220 
$t3: 
$t4: 
$t5: 
$t6: 
$t7: 
---------------------

[AVALUE]
V172: $t0 
V196: $t1 
V220: $t2 
=========================================

[四元式]	(-,$sp,4,$sp)
[汇编码]	addi $t9,$zero,4
        	sub $sp,$sp,$t9
---------------------

[RVALUE]
$t0: V172 
$t1: V196 
$t2: V220 
$t3: 
$t4: 
$t5: 
$t6: 
$t7: 
---------------------

[AVALUE]
V172: $t0 
V196: $t1 
V220: $t2 
=========================================

[四元式]	(:=,[$sp],,$t1)
[汇编码]	lw $t1,stack($sp)
---------------------

[RVALUE]
$t0: V172 
$t1: V196 
$t2: V220 
$t3: 
$t4: 
$t5: 
$t6: 
$t7: 
---------------------

[AVALUE]
V172: $t0 
V196: $t1 
V220: $t2 
=========================================

[四元式]	(-,$sp,4,$sp)
[汇编码]	addi $t9,$zero,4
        	sub $sp,$sp,$t9
---------------------

[RVALUE]
$t0: V172 
$t1: V196 
$t2: V220 
$t3: 
$t4: 
$t5: 
$t6: 
$t7: 
---------------------

[AVALUE]
V172: $t0 
V196: $t1 
V220: $t2 
=========================================

[四元式]	(:=,[$sp],,$t0)
[汇编码]	lw $t0,stack($sp)
---------------------

[RVALUE]
$t0: V172 
$t1: V196 
$t2: V220 
$t3: 
$t4: 
$t5: 
$t6: 
$t7: 
---------------------

[AVALUE]
V172: $t0 
V196: $t1 
V220: $t2 
=========================================

[四元式]	(-,$sp,4,$sp)
[汇编码]	addi $t9,$zero,4
        	sub $sp,$sp,$t9
---------------------

[RVALUE]
$t0: V172 
$t1: V196 
$t2: V220 
$t3: 
$t4: 
$t5: 
$t6: 
$t7: 
---------------------

[AVALUE]
V172: $t0 
V196: $t1 
V220: $t2 
=========================================

[四元式]	(:=,[$sp],,$ra)
[汇编码]	lw $ra,stack($sp)
---------------------

[RVALUE]
$t0: V172 
$t1: V196 
$t2: V220 
$t3: 
$t4: 
$t5: 
$t6: 
$t7: 
---------------------

[AVALUE]
V172: $t0 
V196: $t1 
V220: $t2 
=========================================

[四元式]	(+,$sp,4,$sp)
[汇编码]	addi $sp,$sp,4
---------------------

[RVALUE]
$t0: V172 
$t1: V196 
$t2: V220 
$t3: 
$t4: 
$t5: 
$t6: 
$t7: 
---------------------

[AVALUE]
V172: $t0 
V196: $t1 
V220: $t2 
=========================================

[四元式]	(:=,$v0,,V248)
[汇编码]	add $t3,$zero,$v0
---------------------

[RVALUE]
$t0: V172 
$t1: V196 
$t2: V220 
$t3: V248 
$t4: 
$t5: 
$t6: 
$t7: 
---------------------

[AVALUE]
V172: $t0 
V196: $t1 
V220: $t2 
V248: $t3 
=========================================

[四元式]	(:=,$ra,,[$sp])
[汇编码]	sw $ra,stack($sp)
---------------------

[RVALUE]
$t0: V172 
$t1: V196 
$t2: V220 
$t3: V248 
$t4: 
$t5: 
$t6: 
$t7: 
---------------------

[AVALUE]
V172: $t0 
V196: $t1 
V220: $t2 
V248: $t3 
=========================================

[四元式]	(+,$sp,4,$sp)
[汇编码]	addi $sp,$sp,4
---------------------

[RVALUE]
$t0: V172 
$t1: V196 
$t2: V220 
$t3: V248 
$t4: 
$t5: 
$t6: 
$t7: 
---------------------

[AVALUE]
V172: $t0 
V196: $t1 
V220: $t2 
V248: $t3 
=========================================

[四元式]	(:=,$t0,,[$sp])
[汇编码]	sw $t0,stack($sp)
---------------------

[RVALUE]
$t0: V172 
$t1: V196 
$t2: V220 
$t3: V248 
$t4: 
$t5: 
$t6: 
$t7: 
---------------------

[AVALUE]
V172: $t0 
V196: $t1 
V220: $t2 
V248: $t3 
=========================================

[四元式]	(+,$sp,4,$sp)
[汇编码]	addi $sp,$sp,4
---------------------

[RVALUE]
$t0: V172 
$t1: V196 
$t2: V220 
$t3: V248 
$t4: 
$t5: 
$t6: 
$t7: 
---------------------

[AVALUE]
V172: $t0 
V196: $t1 
V220: $t2 
V248: $t3 
=========================================

[四元式]	(:=,$t1,,[$sp])
[汇编码]	sw $t1,stack($sp)
---------------------

[RVALUE]
$t0: V172 
$t1: V196 
$t2: V220 
$t3: V248 
$t4: 
$t5: 
$t6: 
$t7: 
---------------------

[AVALUE]
V172: $t0 
V196: $t1 
V220: $t2 
V248: $t3 
=========================================

[四元式]	(+,$sp,4,$sp)
[汇编码]	addi $sp,$sp,4
---------------------

[RVALUE]
$t0: V172 
$t1: V196 
$t2: V220 
$t3: V248 
$t4: 
$t5: 
$t6: 
$t7: 
---------------------

[AVALUE]
V172: $t0 
V196: $t1 
V220: $t2 
V248: $t3 
=========================================

[四元式]	(:=,$t2,,[$sp])
[汇编码]	sw $t2,stack($sp)
---------------------

[RVALUE]
$t0: V172 
$t1: V196 
$t2: V220 
$t3: V248 
$t4: 
$t5: 
$t6: 
$t7: 
---------------------

[AVALUE]
V172: $t0 
V196: $t1 
V220: $t2 
V248: $t3 
=========================================

[四元式]	(+,$sp,4,$sp)
[汇编码]	addi $sp,$sp,4
---------------------

[RVALUE]
$t0: V172 
$t1: V196 
$t2: V220 
$t3: V248 
$t4: 
$t5: 
$t6: 
$t7: 
---------------------

[AVALUE]
V172: $t0 
V196: $t1 
V220: $t2 
V248: $t3 
=========================================

[四元式]	(:=,$t3,,[$sp])
[汇编码]	sw $t3,stack($sp)
---------------------

[RVALUE]
$t0: V172 
$t1: V196 
$t2: V220 
$t3: V248 
$t4: 
$t5: 
$t6: 
$t7: 
---------------------

[AVALUE]
V172: $t0 
V196: $t1 
V220: $t2 
V248: $t3 
=========================================

[四元式]	(+,$sp,4,$sp)
[汇编码]	addi $sp,$sp,4
---------------------

[RVALUE]
$t0: V172 
$t1: V196 
$t2: V220 
$t3: V248 
$t4: 
$t5: 
$t6: 
$t7: 
---------------------

[AVALUE]
V172: $t0 
V196: $t1 
V220: $t2 
V248: $t3 
=========================================

[四元式]	(:=,$t4,,[$sp])
[汇编码]	sw $t4,stack($sp)
---------------------

[RVALUE]
$t0: V172 
$t1: V196 
$t2: V220 
$t3: V248 
$t4: 
$t5: 
$t6: 
$t7: 
---------------------

[AVALUE]
V172: $t0 
V196: $t1 
V220: $t2 
V248: $t3 
=========================================

[四元式]	(+,$sp,4,$sp)
[汇编码]	addi $sp,$sp,4
---------------------

[RVALUE]
$t0: V172 
$t1: V196 
$t2: V220 
$t3: V248 
$t4: 
$t5: 
$t6: 
$t7: 
---------------------

[AVALUE]
V172: $t0 
V196: $t1 
V220: $t2 
V248: $t3 
=========================================

[四元式]	(:=,$t5,,[$sp])
[汇编码]	sw $t5,stack($sp)
---------------------

[RVALUE]
$t0: V172 
$t1: V196 
$t2: V220 
$t3: V248 
$t4: 
$t5: 
$t6: 
$t7: 
---------------------

[AVALUE]
V172: $t0 
V196: $t1 
V220: $t2 
V248: $t3 
=========================================

[四元式]	(+,$sp,4,$sp)
[汇编码]	addi $sp,$sp,4
---------------------

[RVALUE]
$t0: V172 
$t1: V196 
$t2: V220 
$t3: V248 
$t4: 
$t5: 
$t6: 
$t7: 
---------------------

[AVALUE]
V172: $t0 
V196: $t1 
V220: $t2 
V248: $t3 
=========================================

[四元式]	(:=,$t6,,[$sp])
[汇编码]	sw $t6,stack($sp)
---------------------

[RVALUE]
$t0: V172 
$t1: V196 
$t2: V220 
$t3: V248 
$t4: 
$t5: 
$t6: 
$t7: 
---------------------

[AVALUE]
V172: $t0 
V196: $t1 
V220: $t2 
V248: $t3 
=========================================

[四元式]	(+,$sp,4,$sp)
[汇编码]	addi $sp,$sp,4
---------------------

[RVALUE]
$t0: V172 
$t1: V196 
$t2: V220 
$t3: V248 
$t4: 
$t5: 
$t6: 
$t7: 
---------------------

[AVALUE]
V172: $t0 
V196: $t1 
V220: $t2 
V248: $t3 
=========================================

[四元式]	(:=,$t7,,[$sp])
[汇编码]	sw $t7,stack($sp)
---------------------

[RVALUE]
$t0: V172 
$t1: V196 
$t2: V220 
$t3: V248 
$t4: 
$t5: 
$t6: 
$t7: 
---------------------

[AVALUE]
V172: $t0 
V196: $t1 
V220: $t2 
V248: $t3 
=========================================

[四元式]	(+,$sp,4,$sp)
[汇编码]	addi $sp,$sp,4
---------------------

[RVALUE]
$t0: V172 
$t1: V196 
$t2: V220 
$t3: V248 
$t4: 
$t5: 
$t6: 
$t7: 
---------------------

[AVALUE]
V172: $t0 
V196: $t1 
V220: $t2 
V248: $t3 
=========================================

[四元式]	(:=,$sp,,$s0)
[汇编码]	add $s0,$zero,$sp
---------------------

[RVALUE]
$t0: V172 
$t1: V196 
$t2: V220 
$t3: V248 
$t4: 
$t5: 
$t6: 
$t7: 
---------------------

[AVALUE]
V172: $t0 
V196: $t1 
V220: $t2 
V248: $t3 
=========================================

[四元式]	(:=,$fp,,[$sp])
[汇编码]	sw $fp,stack($sp)
---------------------

[RVALUE]
$t0: V172 
$t1: V196 
$t2: V220 
$t3: V248 
$t4: 
$t5: 
$t6: 
$t7: 
---------------------

[AVALUE]
V172: $t0 
V196: $t1 
V220: $t2 
V248: $t3 
=========================================

[四元式]	(+,$sp,4,$sp)
[汇编码]	addi $sp,$sp,4
---------------------

[RVALUE]
$t0: V172 
$t1: V196 
$t2: V220 
$t3: V248 
$t4: 
$t5: 
$t6: 
$t7: 
---------------------

[AVALUE]
V172: $t0 
V196: $t1 
V220: $t2 
V248: $t3 
=========================================

[四元式]	(:=,$s0,,$fp)
[汇编码]	add $fp,$zero,$s0
---------------------

[RVALUE]
$t0: V172 
$t1: V196 
$t2: V220 
$t3: V248 
$t4: 
$t5: 
$t6: 
$t7: 
---------------------

[AVALUE]
V172: $t0 
V196: $t1 
V220: $t2 
V248: $t3 
=========================================

[四元式]	(:=,V248,,[$sp])
[汇编码]	sw $t3,stack($sp)
---------------------

[RVALUE]
$t0: V172 
$t1: V196 
$t2: V220 
$t3: 
$t4: 
$t5: 
$t6: 
$t7: 
---------------------

[AVALUE]
V172: $t0 
V196: $t1 
V220: $t2 
=========================================

[四元式]	(+,$sp,4,$sp)
[汇编码]	addi $sp,$sp,4
---------------------

[RVALUE]
$t0: V172 
$t1: V196 
$t2: V220 
$t3: 
$t4: 
$t5: 
$t6: 
$t7: 
---------------------

[AVALUE]
V172: $t0 
V196: $t1 
V220: $t2 
=========================================

[四元式]	(:=,V220,,[$sp])
[汇编码]	sw $t2,stack($sp)
---------------------

[RVALUE]
$t0: V172 
$t1: V196 
$t2: 
$t3: 
$t4: 
$t5: 
$t6: 
$t7: 
---------------------

[AVALUE]
V172: $t0 
V196: $t1 
=========================================

[四元式]	(+,$sp,4,$sp)
[汇编码]	addi $sp,$sp,4
---------------------

[RVALUE]
$t0: V172 
$t1: V196 
$t2: 
$t3: 
$t4: 
$t5: 
$t6: 
$t7: 
---------------------

[AVALUE]
V172: $t0 
V196: $t1 
=========================================

[四元式]	(:=,V196,,[$sp])
[汇编码]	sw $t1,stack($sp)
---------------------

[RVALUE]
$t0: V172 
$t1: 
$t2: 
$t3: 
$t4: 
$t5: 
$t6: 
$t7: 
---------------------

[AVALUE]
V172: $t0 
=========================================

[四元式]	(+,$sp,4,$sp)
[汇编码]	addi $sp,$sp,4
---------------------

[RVALUE]
$t0: V172 
$t1: 
$t2: 
$t3: 
$t4: 
$t5: 
$t6: 
$t7: 
---------------------

[AVALUE]
V172: $t0 
=========================================

[四元式]	(jal,,,F1)
[汇编码]	jal F1
---------------------

[RVALUE]
$t0: V172 
$t1: 
$t2: 
$t3: 
$t4: 
$t5: 
$t6: 
$t7: 
---------------------

[AVALUE]
V172: $t0 
=========================================

[四元式]	(:=,$fp,,$sp)
[汇编码]	add $sp,$zero,$fp
---------------------

[RVALUE]
$t0: V172 
$t1: 
$t2: 
$t3: 
$t4: 
$t5: 
$t6: 
$t7: 
---------------------

[AVALUE]
V172: $t0 
=========================================

[四元式]	(:=,[$sp],,$fp)
[汇编码]	lw $fp,stack($sp)
---------------------

[RVALUE]
$t0: V172 
$t1: 
$t2: 
$t3: 
$t4: 
$t5: 
$t6: 
$t7: 
---------------------

[AVALUE]
V172: $t0 
=========================================

[四元式]	(-,$sp,4,$sp)
[汇编码]	addi $t9,$zero,4
        	sub $sp,$sp,$t9
---------------------

[RVALUE]
$t0: V172 
$t1: 
$t2: 
$t3: 
$t4: 
$t5: 
$t6: 
$t7: 
---------------------

[AVALUE]
V172: $t0 
=========================================

[四元式]	(:=,[$sp],,$t7)
[汇编码]	lw $t7,stack($sp)
---------------------

[RVALUE]
$t0: V172 
$t1: 
$t2: 
$t3: 
$t4: 
$t5: 
$t6: 
$t7: 
---------------------

[AVALUE]
V172: $t0 
=========================================

[四元式]	(-,$sp,4,$sp)
[汇编码]	addi $t9,$zero,4
        	sub $sp,$sp,$t9
---------------------

[RVALUE]
$t0: V172 
$t1: 
$t2: 
$t3: 
$t4: 
$t5: 
$t6: 
$t7: 
---------------------

[AVALUE]
V172: $t0 
=========================================

[四元式]	(:=,[$sp],,$t6)
[汇编码]	lw $t6,stack($sp)
---------------------

[RVALUE]
$t0: V172 
$t1: 
$t2: 
$t3: 
$t4: 
$t5: 
$t6: 
$t7: 
---------------------

[AVALUE]
V172: $t0 
=========================================

[四元式]	(-,$sp,4,$sp)
[汇编码]	addi $t9,$zero,4
        	sub $sp,$sp,$t9
---------------------

[RVALUE]
$t0: V172 
$t1: 
$t2: 
$t3: 
$t4: 
$t5: 
$t6: 
$t7: 
---------------------

[AVALUE]
V172: $t0 
=========================================

[四元式]	(:=,[$sp],,$t5)
[汇编码]	lw $t5,stack($sp)
---------------------

[RVALUE]
$t0: V172 
$t1: 
$t2: 
$t3: 
$t4: 
$t5: 
$t6: 
$t7: 
---------------------

[AVALUE]
V172: $t0 
=========================================

[四元式]	(-,$sp,4,$sp)
[汇编码]	addi $t9,$zero,4
        	sub $sp,$sp,$t9
---------------------

[RVALUE]
$t0: V172 
$t1: 
$t2: 
$t3: 
$t4: 
$t5: 
$t6: 
$t7: 
---------------------

[AVALUE]
V172: $t0 
=========================================

[四元式]	(:=,[$sp],,$t4)
[汇编码]	lw $t4,stack($sp)
---------------------

[RVALUE]
$t0: V172 
$t1: 
$t2: 
$t3: 
$t4: 
$t5: 
$t6: 
$t7: 
---------------------

[AVALUE]
V172: $t0 
=========================================

[四元式]	(-,$sp,4,$sp)
[汇编码]	addi $t9,$zero,4
        	sub $sp,$sp,$t9
---------------------

[RVALUE]
$t0: V172 
$t1: 
$t2: 
$t3: 
$t4: 
$t5: 
$t6: 
$t7: 
---------------------

[AVALUE]
V172: $t0 
=========================================

[四元式]	(:=,[$sp],,$t3)
[汇编码]	lw $t3,stack($sp)
---------------------

[RVALUE]
$t0: V172 
$t1: 
$t2: 
$t3: 
$t4: 
$t5: 
$t6: 
$t7: 
---------------------

[AVALUE]
V172: $t0 
=========================================

[四元式]	(-,$sp,4,$sp)
[汇编码]	addi $t9,$zero,4
        	sub $sp,$sp,$t9
---------------------

[RVALUE]
$t0: V172 
$t1: 
$t2: 
$t3: 
$t4: 
$t5: 
$t6: 
$t7: 
---------------------

[AVALUE]
V172: $t0 
=========================================

[四元式]	(:=,[$sp],,$t2)
[汇编码]	lw $t2,stack($sp)
---------------------

[RVALUE]
$t0: V172 
$t1: 
$t2: 
$t3: 
$t4: 
$t5: 
$t6: 
$t7: 
---------------------

[AVALUE]
V172: $t0 
=========================================

[四元式]	(-,$sp,4,$sp)
[汇编码]	addi $t9,$zero,4
        	sub $sp,$sp,$t9
---------------------

[RVALUE]
$t0: V172 
$t1: 
$t2: 
$t3: 
$t4: 
$t5: 
$t6: 
$t7: 
---------------------

[AVALUE]
V172: $t0 
=========================================

[四元式]	(:=,[$sp],,$t1)
[汇编码]	lw $t1,stack($sp)
---------------------

[RVALUE]
$t0: V172 
$t1: 
$t2: 
$t3: 
$t4: 
$t5: 
$t6: 
$t7: 
---------------------

[AVALUE]
V172: $t0 
=========================================

[四元式]	(-,$sp,4,$sp)
[汇编码]	addi $t9,$zero,4
        	sub $sp,$sp,$t9
---------------------

[RVALUE]
$t0: V172 
$t1: 
$t2: 
$t3: 
$t4: 
$t5: 
$t6: 
$t7: 
---------------------

[AVALUE]
V172: $t0 
=========================================

[四元式]	(:=,[$sp],,$t0)
[汇编码]	lw $t0,stack($sp)
---------------------

[RVALUE]
$t0: V172 
$t1: 
$t2: 
$t3: 
$t4: 
$t5: 
$t6: 
$t7: 
---------------------

[AVALUE]
V172: $t0 
=========================================

[四元式]	(-,$sp,4,$sp)
[汇编码]	addi $t9,$zero,4
        	sub $sp,$sp,$t9
---------------------

[RVALUE]
$t0: V172 
$t1: 
$t2: 
$t3: 
$t4: 
$t5: 
$t6: 
$t7: 
---------------------

[AVALUE]
V172: $t0 
=========================================

[四元式]	(:=,[$sp],,$ra)
[汇编码]	lw $ra,stack($sp)
---------------------

[RVALUE]
$t0: V172 
$t1: 
$t2: 
$t3: 
$t4: 
$t5: 
$t6: 
$t7: 
---------------------

[AVALUE]
V172: $t0 
=========================================

[四元式]	(+,$sp,4,$sp)
[汇编码]	addi $sp,$sp,4
---------------------

[RVALUE]
$t0: V172 
$t1: 
$t2: 
$t3: 
$t4: 
$t5: 
$t6: 
$t7: 
---------------------

[AVALUE]
V172: $t0 
=========================================

[四元式]	([]=,$v0,V172,V0)
[汇编码]	sll $t9,$t0,2
        	addi $t9,$t9,0
        	addi $t9,$t9,4
        	add $t9,$t9,$fp
        	sw $v0,stack($t9)
---------------------

[RVALUE]
$t0: 
$t1: 
$t2: 
$t3: 
$t4: 
$t5: 
$t6: 
$t7: 
---------------------

[AVALUE]

=========================================

[四元式]	(+,$sp,28,$sp)
[汇编码]	addi $sp,$sp,28
---------------------

[RVALUE]
$t0: 
$t1: 
$t2: 
$t3: 
$t4: 
$t5: 
$t6: 
$t7: 
---------------------

[AVALUE]

=========================================

[四元式]	(=[],V0,3,V280)
[汇编码]	addi $t9,$zero,3
        	sll $t9,$t9,2
        	addi $t9,$t9,0
        	addi $t9,$t9,4
        	add $t9,$t9,$fp
        	lw $t0,stack($t9)
---------------------

[RVALUE]
$t0: V280 
$t1: 
$t2: 
$t3: 
$t4: 
$t5: 
$t6: 
$t7: 
---------------------

[AVALUE]
V280: $t0 
=========================================

[四元式]	(:=,V280,,$v0)
[汇编码]	add $v0,$zero,$t0
---------------------

[RVALUE]
$t0: 
$t1: 
$t2: 
$t3: 
$t4: 
$t5: 
$t6: 
$t7: 
---------------------

[AVALUE]

=========================================

[四元式]	(ret,,,)
[汇编码]	jr $ra
---------------------

[RVALUE]
$t0: 
$t1: 
$t2: 
$t3: 
$t4: 
$t5: 
$t6: 
$t7: 
---------------------

[AVALUE]

=========================================
